<?xml version="1.0" encoding="UTF-8"?>
<!-- Generated by org.testng.reporters.JUnitReportReporter -->
<testsuite hostname="AKHIL-TS" name="com.Home.Associate_Login" tests="7" failures="0" timestamp="12 Oct 2018 06:46:57 GMT" time="21.635" errors="0">
  <testcase name="TCBA01008" time="3.565" classname="com.Home.Associate_Login"/>
  <testcase name="TCBA01003" time="0.417" classname="com.Home.Associate_Login"/>
  <testcase name="TCBA01004" time="2.502" classname="com.Home.Associate_Login"/>
  <testcase name="TCBA01001" time="0.777" classname="com.Home.Associate_Login"/>
  <testcase name="TCBA01002" time="0.732" classname="com.Home.Associate_Login"/>
  <testcase name="TCBA01005" time="3.510" classname="com.Home.Associate_Login"/>
  <testcase name="TCBA01006" time="10.132" classname="com.Home.Associate_Login"/>
</testsuite> <!-- com.Home.Associate_Login -->
