<?xml version="1.0" encoding="UTF-8"?>
<!-- Generated by org.testng.reporters.JUnitReportReporter -->
<testsuite hostname="Vofox-Sebastian" name="com.Home.Associate_Home" tests="3" failures="0" timestamp="10 Oct 2018 12:49:55 GMT" time="29.481" errors="0">
  <testcase name="TCBA01102" time="22.413" classname="com.Home.Associate_Home"/>
  <testcase name="TCBA01101" time="4.673" classname="com.Home.Associate_Home"/>
  <testcase name="TCBA01103" time="2.395" classname="com.Home.Associate_Home"/>
</testsuite> <!-- com.Home.Associate_Home -->
