<?xml version="1.0" encoding="UTF-8"?>
<!-- Generated by org.testng.reporters.JUnitReportReporter -->
<testsuite hostname="Vofox-Sebastian" name="com.associatePortal.Associate_Login" tests="8" failures="0" timestamp="15 Oct 2018 07:01:34 GMT" time="25.593" errors="0">
  <testcase name="TCBA01004" time="2.513" classname="com.associatePortal.Associate_Login"/>
  <testcase name="TCBA01008" time="3.957" classname="com.associatePortal.Associate_Login"/>
  <testcase name="TCBA01001" time="0.801" classname="com.associatePortal.Associate_Login"/>
  <testcase name="TCBA01006" time="3.530" classname="com.associatePortal.Associate_Login"/>
  <testcase name="TCBA01002" time="0.464" classname="com.associatePortal.Associate_Login"/>
  <testcase name="TCBA01003" time="0.501" classname="com.associatePortal.Associate_Login"/>
  <testcase name="TCBA01007" time="10.226" classname="com.associatePortal.Associate_Login"/>
  <testcase name="TCBA01005" time="3.601" classname="com.associatePortal.Associate_Login"/>
</testsuite> <!-- com.associatePortal.Associate_Login -->
