<?xml version="1.0" encoding="UTF-8"?>
<!-- Generated by org.testng.reporters.JUnitReportReporter -->
<testsuite hostname="AKHIL-TS" name="com.Home.Associate_Login" tests="8" failures="0" timestamp="12 Oct 2018 07:03:35 GMT" time="24.917" errors="0">
  <testcase name="TCBA01005" time="3.521" classname="com.Home.Associate_Login"/>
  <testcase name="TCBA01006" time="3.594" classname="com.Home.Associate_Login"/>
  <testcase name="TCBA01001" time="0.713" classname="com.Home.Associate_Login"/>
  <testcase name="TCBA01002" time="0.447" classname="com.Home.Associate_Login"/>
  <testcase name="TCBA01004" time="2.506" classname="com.Home.Associate_Login"/>
  <testcase name="TCBA01007" time="10.088" classname="com.Home.Associate_Login"/>
  <testcase name="TCBA01008" time="3.560" classname="com.Home.Associate_Login"/>
  <testcase name="TCBA01003" time="0.488" classname="com.Home.Associate_Login"/>
</testsuite> <!-- com.Home.Associate_Login -->
