<?xml version="1.0" encoding="UTF-8"?>
<!-- Generated by org.testng.reporters.JUnitReportReporter -->
<testsuite hostname="QA-Scheduler" name="com.associatePortal.Associate_Login" tests="8" failures="0" timestamp="13 Nov 2018 05:22:15 GMT" time="24.094" errors="0">
  <testcase name="TCBA01007" time="9.897" classname="com.associatePortal.Associate_Login"/>
  <testcase name="TCBA01003" time="0.379" classname="com.associatePortal.Associate_Login"/>
  <testcase name="TCBA01008" time="3.634" classname="com.associatePortal.Associate_Login"/>
  <testcase name="TCBA01006" time="3.391" classname="com.associatePortal.Associate_Login"/>
  <testcase name="TCBA01005" time="3.424" classname="com.associatePortal.Associate_Login"/>
  <testcase name="TCBA01002" time="0.371" classname="com.associatePortal.Associate_Login"/>
  <testcase name="TCBA01001" time="0.594" classname="com.associatePortal.Associate_Login"/>
  <testcase name="TCBA01004" time="2.404" classname="com.associatePortal.Associate_Login"/>
</testsuite> <!-- com.associatePortal.Associate_Login -->
