<?xml version="1.0" encoding="UTF-8"?>
<!-- Generated by org.testng.reporters.JUnitReportReporter -->
<testsuite hostname="QA-Scheduler" name="com.associatePortal.Associate_Login" tests="8" failures="0" timestamp="4 Dec 2018 09:40:25 GMT" time="24.066" errors="0">
  <testcase name="TCBA01007" time="9.999" classname="com.associatePortal.Associate_Login"/>
  <testcase name="TCBA01003" time="0.375" classname="com.associatePortal.Associate_Login"/>
  <testcase name="TCBA01008" time="3.456" classname="com.associatePortal.Associate_Login"/>
  <testcase name="TCBA01006" time="3.415" classname="com.associatePortal.Associate_Login"/>
  <testcase name="TCBA01005" time="3.423" classname="com.associatePortal.Associate_Login"/>
  <testcase name="TCBA01002" time="0.360" classname="com.associatePortal.Associate_Login"/>
  <testcase name="TCBA01001" time="0.609" classname="com.associatePortal.Associate_Login"/>
  <testcase name="TCBA01004" time="2.429" classname="com.associatePortal.Associate_Login"/>
</testsuite> <!-- com.associatePortal.Associate_Login -->
