<?xml version="1.0" encoding="UTF-8"?>
<!-- Generated by org.testng.reporters.JUnitReportReporter -->
<testsuite hostname="Vofox-Sebastian" name="com.Home.Associate_Home" tests="3" failures="0" timestamp="10 Oct 2018 12:06:28 GMT" time="29.375" errors="0">
  <testcase name="TCBA01101" time="4.325" classname="com.Home.Associate_Home"/>
  <testcase name="TCBA01102" time="22.643" classname="com.Home.Associate_Home"/>
  <testcase name="TCBA01103" time="2.407" classname="com.Home.Associate_Home"/>
</testsuite> <!-- com.Home.Associate_Home -->
