<?xml version="1.0" encoding="UTF-8"?>
<!-- Generated by org.testng.reporters.JUnitReportReporter -->
<testsuite hostname="QA-Scheduler" name="com.associatePortal.Associate_Login" tests="8" failures="0" timestamp="30 Nov 2018 04:58:42 GMT" time="24.222" errors="0">
  <testcase name="TCBA01007" time="10.019" classname="com.associatePortal.Associate_Login"/>
  <testcase name="TCBA01003" time="0.359" classname="com.associatePortal.Associate_Login"/>
  <testcase name="TCBA01008" time="3.652" classname="com.associatePortal.Associate_Login"/>
  <testcase name="TCBA01006" time="3.400" classname="com.associatePortal.Associate_Login"/>
  <testcase name="TCBA01005" time="3.448" classname="com.associatePortal.Associate_Login"/>
  <testcase name="TCBA01002" time="0.358" classname="com.associatePortal.Associate_Login"/>
  <testcase name="TCBA01001" time="0.592" classname="com.associatePortal.Associate_Login"/>
  <testcase name="TCBA01004" time="2.394" classname="com.associatePortal.Associate_Login"/>
</testsuite> <!-- com.associatePortal.Associate_Login -->
