<?xml version="1.0" encoding="UTF-8"?>
<!-- Generated by org.testng.reporters.JUnitReportReporter -->
<testsuite hostname="Vofox-Sebastian" name="com.associatePortal.Associate_Login" tests="16" failures="0" timestamp="15 Oct 2018 07:07:23 GMT" time="49.883" errors="1">
  <testcase name="TCBA01005" time="3.512" classname="com.associatePortal.Associate_Login"/>
  <testcase name="TCBA01003" time="0.432" classname="com.associatePortal.Associate_Login"/>
  <testcase name="TCBA01002" time="0.470" classname="com.associatePortal.Associate_Login"/>
  <testcase name="TCBA01008" time="3.609" classname="com.associatePortal.Associate_Login"/>
  <testcase name="TCBA01007" time="10.210" classname="com.associatePortal.Associate_Login">
    <error type="java.lang.AssertionError" message="expected [You have been locked out. Please contact support.] but found [Invalid username or password.]">
      <![CDATA[java.lang.AssertionError: expected [You have been locked out. Please contact support.] but found [Invalid username or password.]
	at org.testng.Assert.fail(Assert.java:94)
	at org.testng.Assert.failNotEquals(Assert.java:494)
	at org.testng.Assert.assertEquals(Assert.java:123)
	at org.testng.Assert.assertEquals(Assert.java:176)
	at org.testng.Assert.assertEquals(Assert.java:186)
	at com.associatePortal.Associate_Login.TCBA01007(Associate_Login.java:221)
	at sun.reflect.NativeMethodAccessorImpl.invoke0(Native Method)
	at sun.reflect.NativeMethodAccessorImpl.invoke(NativeMethodAccessorImpl.java:62)
	at sun.reflect.DelegatingMethodAccessorImpl.invoke(DelegatingMethodAccessorImpl.java:43)
	at java.lang.reflect.Method.invoke(Method.java:498)
	at org.testng.internal.MethodInvocationHelper.invokeMethod(MethodInvocationHelper.java:80)
	at org.testng.internal.Invoker.invokeMethod(Invoker.java:714)
	at org.testng.internal.Invoker.invokeTestMethod(Invoker.java:901)
	at org.testng.internal.Invoker.invokeTestMethods(Invoker.java:1231)
	at org.testng.internal.TestMethodWorker.invokeTestMethods(TestMethodWorker.java:127)
	at org.testng.internal.TestMethodWorker.run(TestMethodWorker.java:111)
	at org.testng.TestRunner.privateRun(TestRunner.java:767)
	at org.testng.TestRunner.run(TestRunner.java:617)
	at org.testng.SuiteRunner.runTest(SuiteRunner.java:334)
	at org.testng.SuiteRunner.runSequentially(SuiteRunner.java:329)
	at org.testng.SuiteRunner.privateRun(SuiteRunner.java:291)
	at org.testng.SuiteRunner.run(SuiteRunner.java:240)
	at org.testng.SuiteRunnerWorker.runSuite(SuiteRunnerWorker.java:52)
	at org.testng.SuiteRunnerWorker.run(SuiteRunnerWorker.java:86)
	at org.testng.TestNG.runSuitesSequentially(TestNG.java:1198)
	at org.testng.TestNG.runSuitesLocally(TestNG.java:1123)
	at org.testng.TestNG.run(TestNG.java:1031)
	at org.apache.maven.surefire.testng.TestNGExecutor.run(TestNGExecutor.java:295)
	at org.apache.maven.surefire.testng.TestNGXmlTestSuite.execute(TestNGXmlTestSuite.java:84)
	at org.apache.maven.surefire.testng.TestNGProvider.invoke(TestNGProvider.java:90)
	at org.apache.maven.surefire.booter.ForkedBooter.invokeProviderInSameClassLoader(ForkedBooter.java:203)
	at org.apache.maven.surefire.booter.ForkedBooter.runSuitesInProcess(ForkedBooter.java:155)
	at org.apache.maven.surefire.booter.ForkedBooter.main(ForkedBooter.java:103)
]]>
    </error>
  </testcase> <!-- TCBA01007 -->
  <testcase name="TCBA01004" time="2.507" classname="com.associatePortal.Associate_Login"/>
  <testcase name="TCBA01008" time="3.540" classname="com.associatePortal.Associate_Login"/>
  <testcase name="TCBA01001" time="0.802" classname="com.associatePortal.Associate_Login"/>
  <testcase name="TCBA01005" time="3.540" classname="com.associatePortal.Associate_Login"/>
  <testcase name="TCBA01007" time="10.128" classname="com.associatePortal.Associate_Login"/>
  <testcase name="TCBA01004" time="2.491" classname="com.associatePortal.Associate_Login"/>
  <testcase name="TCBA01002" time="0.455" classname="com.associatePortal.Associate_Login"/>
  <testcase name="TCBA01006" time="3.481" classname="com.associatePortal.Associate_Login"/>
  <testcase name="TCBA01006" time="3.525" classname="com.associatePortal.Associate_Login"/>
  <testcase name="TCBA01003" time="0.448" classname="com.associatePortal.Associate_Login"/>
  <testcase name="TCBA01001" time="0.733" classname="com.associatePortal.Associate_Login"/>
</testsuite> <!-- com.associatePortal.Associate_Login -->
